app/build/outputs/logs/manifest-merger-debug-report.txt
-- Merging decision tree log ---
manifest
ADDED from src\main\AndroidManifest.xml:2:1-474:12
	xmlns:android
		ADDED from src\main\AndroidManifest.xml:2:11-69
	package
		ADDED from src\main\AndroidManifest.xml:3:5-23
		INJECTED from src\main\AndroidManifest.xml
		INJECTED from src\main\AndroidManifest.xml
	android:versionName
		INJECTED from src\main\AndroidManifest.xml
		INJECTED from src\main\AndroidManifest.xml
	android:versionCode
		INJECTED from src\main\AndroidManifest.xml
		INJECTED from src\main\AndroidManifest.xml
uses-permission#android.permission.INTERNET
ADDED from src\main\AndroidManifest.xml:5:5-67
MERGED from [com.google.android.gms:play-services-ads:8.1.0] AndroidManifest.xml:20:5-66
MERGED from [com.google.android.gms:play-services-analytics:8.1.0] AndroidManifest.xml:21:5-67
MERGED from [com.google.android.gms:play-services-ads:8.1.0] AndroidManifest.xml:20:5-66
	android:name
		ADDED from src\main\AndroidManifest.xml:5:22-64
uses-permission#android.permission.ACCESS_NETWORK_STATE
ADDED from src\main\AndroidManifest.xml:6:5-79
MERGED from [com.google.android.gms:play-services-ads:8.1.0] AndroidManifest.xml:21:5-78
MERGED from [com.google.android.gms:play-services-analytics:8.1.0] AndroidManifest.xml:22:5-79
MERGED from [com.google.android.gms:play-services-ads:8.1.0] AndroidManifest.xml:21:5-78
	android:name
		ADDED from src\main\AndroidManifest.xml:6:22-76
application
ADDED from src\main\AndroidManifest.xml:8:5-472:19
MERGED from [com.android.support:appcompat-v7:23.0.1] AndroidManifest.xml:22:5-20
MERGED from [com.android.support:support-v4:23.0.1] AndroidManifest.xml:22:5-20
MERGED from [com.google.android.gms:play-services-ads:8.1.0] AndroidManifest.xml:24:5-32:19
MERGED from [com.google.android.gms:play-services-basement:8.1.0] AndroidManifest.xml:20:5-24:19
MERGED from [com.android.support:support-v4:23.0.1] AndroidManifest.xml:22:5-20
MERGED from [com.google.android.gms:play-services-appindexing:8.1.0] AndroidManifest.xml:19:5-20
MERGED from [com.google.android.gms:play-services-basement:8.1.0] AndroidManifest.xml:20:5-24:19
MERGED from [com.android.support:support-v4:23.0.1] AndroidManifest.xml:22:5-20
MERGED from [com.google.android.gms:play-services-analytics:8.1.0] AndroidManifest.xml:24:5-20
MERGED from [com.google.android.gms:play-services-basement:8.1.0] AndroidManifest.xml:20:5-24:19
MERGED from [com.android.support:support-v4:23.0.1] AndroidManifest.xml:22:5-20
MERGED from [com.google.android.gms:play-services-ads:8.1.0] AndroidManifest.xml:24:5-32:19
MERGED from [com.google.android.gms:play-services-basement:8.1.0] AndroidManifest.xml:20:5-24:19
MERGED from [com.android.support:support-v4:23.0.1] AndroidManifest.xml:22:5-20
MERGED from [com.google.android.gms:play-services-appindexing:8.1.0] AndroidManifest.xml:19:5-20
MERGED from [com.google.android.gms:play-services-basement:8.1.0] AndroidManifest.xml:20:5-24:19
MERGED from [com.android.support:support-v4:23.0.1] AndroidManifest.xml:22:5-20
	android:label
		ADDED from src\main\AndroidManifest.xml:11:9-41
	android:allowBackup
		ADDED from src\main\AndroidManifest.xml:9:9-35
	android:icon
		ADDED from src\main\AndroidManifest.xml:10:9-41
	android:theme
		ADDED from src\main\AndroidManifest.xml:12:9-52
activity#app.jjto.MainActivity
ADDED from src\main\AndroidManifest.xml:13:9-22:20
	android:label
		ADDED from src\main\AndroidManifest.xml:16:13-45
	android:icon
		ADDED from src\main\AndroidManifest.xml:15:13-47
	android:name
		ADDED from src\main\AndroidManifest.xml:14:13-41
intent-filter#android.intent.action.MAIN+android.intent.category.LAUNCHER
ADDED from src\main\AndroidManifest.xml:17:13-21:29
action#android.intent.action.MAIN
ADDED from src\main\AndroidManifest.xml:18:17-69
	android:name
		ADDED from src\main\AndroidManifest.xml:18:25-66
category#android.intent.category.LAUNCHER
ADDED from src\main\AndroidManifest.xml:20:17-77
	android:name
		ADDED from src\main\AndroidManifest.xml:20:27-74
activity#app.jjto.AcercaDe
ADDED from src\main\AndroidManifest.xml:23:9-31:20
	android:parentActivityName
		ADDED from src\main\AndroidManifest.xml:25:13-55
	android:name
		ADDED from src\main\AndroidManifest.xml:24:13-37
meta-data#android.support.PARENT_ACTIVITY
ADDED from src\main\AndroidManifest.xml:28:13-30:57
	android:name
		ADDED from src\main\AndroidManifest.xml:29:17-63
	android:value
		ADDED from src\main\AndroidManifest.xml:30:17-54
activity#app.jjto.CargarFormulas
ADDED from src\main\AndroidManifest.xml:32:9-47:20
	android:label
		ADDED from src\main\AndroidManifest.xml:34:13-43
	android:parentActivityName
		ADDED from src\main\AndroidManifest.xml:35:13-55
	android:name
		ADDED from src\main\AndroidManifest.xml:33:13-43
intent-filter#android.intent.category.DEFAULT+com.sqlite.base.datos.CargarFormulas
ADDED from src\main\AndroidManifest.xml:42:13-46:29
action#com.sqlite.base.datos.CargarFormulas
ADDED from src\main\AndroidManifest.xml:43:17-79
	android:name
		ADDED from src\main\AndroidManifest.xml:43:25-76
category#android.intent.category.DEFAULT
ADDED from src\main\AndroidManifest.xml:45:17-76
	android:name
		ADDED from src\main\AndroidManifest.xml:45:27-73
activity#app.jjto.InicioSesion
ADDED from src\main\AndroidManifest.xml:48:9-56:20
	android:parentActivityName
		ADDED from src\main\AndroidManifest.xml:50:13-55
	android:name
		ADDED from src\main\AndroidManifest.xml:49:13-41
activity#app.jjto.VerFormulas
ADDED from src\main\AndroidManifest.xml:57:9-65:20
	android:parentActivityName
		ADDED from src\main\AndroidManifest.xml:59:13-55
	android:name
		ADDED from src\main\AndroidManifest.xml:58:13-40
activity#app.jjto.Suma
ADDED from src\main\AndroidManifest.xml:66:9-74:20
	android:parentActivityName
		ADDED from src\main\AndroidManifest.xml:68:13-54
	android:name
		ADDED from src\main\AndroidManifest.xml:67:13-33
activity#app.jjto.Resta
ADDED from src\main\AndroidManifest.xml:75:9-83:20
	android:parentActivityName
		ADDED from src\main\AndroidManifest.xml:77:13-54
	android:name
		ADDED from src\main\AndroidManifest.xml:76:13-34
activity#app.jjto.Multiplicacion
ADDED from src\main\AndroidManifest.xml:84:9-92:20
	android:parentActivityName
		ADDED from src\main\AndroidManifest.xml:86:13-54
	android:name
		ADDED from src\main\AndroidManifest.xml:85:13-43
activity#app.jjto.Division
ADDED from src\main\AndroidManifest.xml:93:9-101:20
	android:parentActivityName
		ADDED from src\main\AndroidManifest.xml:95:13-54
	android:name
		ADDED from src\main\AndroidManifest.xml:94:13-37
activity#app.jjto.Ecuaciones
ADDED from src\main\AndroidManifest.xml:102:9-110:20
	android:parentActivityName
		ADDED from src\main\AndroidManifest.xml:104:13-54
	android:name
		ADDED from src\main\AndroidManifest.xml:103:13-39
activity#app.jjto.EcuacionesSegundoGrado
ADDED from src\main\AndroidManifest.xml:111:9-119:20
	android:parentActivityName
		ADDED from src\main\AndroidManifest.xml:113:13-54
	android:name
		ADDED from src\main\AndroidManifest.xml:112:13-51
activity#app.jjto.Fracciones
ADDED from src\main\AndroidManifest.xml:120:9-128:20
	android:parentActivityName
		ADDED from src\main\AndroidManifest.xml:122:13-54
	android:name
		ADDED from src\main\AndroidManifest.xml:121:13-39
activity#app.jjto.Potencias
ADDED from src\main\AndroidManifest.xml:129:9-137:20
	android:parentActivityName
		ADDED from src\main\AndroidManifest.xml:131:13-54
	android:name
		ADDED from src\main\AndroidManifest.xml:130:13-38
activity#app.jjto.Exponentes
ADDED from src\main\AndroidManifest.xml:138:9-146:20
	android:parentActivityName
		ADDED from src\main\AndroidManifest.xml:140:13-54
	android:name
		ADDED from src\main\AndroidManifest.xml:139:13-39
activity#app.jjto.Exponentes2
ADDED from src\main\AndroidManifest.xml:147:9-155:20
	android:parentActivityName
		ADDED from src\main\AndroidManifest.xml:149:13-54
	android:name
		ADDED from src\main\AndroidManifest.xml:148:13-40
activity#app.jjto.Monomios
ADDED from src\main\AndroidManifest.xml:156:9-164:20
	android:parentActivityName
		ADDED from src\main\AndroidManifest.xml:158:13-54
	android:name
		ADDED from src\main\AndroidManifest.xml:157:13-37
activity#app.jjto.Monomios2
ADDED from src\main\AndroidManifest.xml:165:9-173:20
	android:parentActivityName
		ADDED from src\main\AndroidManifest.xml:167:13-54
	android:name
		ADDED from src\main\AndroidManifest.xml:166:13-38
activity#app.jjto.Triangulo
ADDED from src\main\AndroidManifest.xml:174:9-182:20
	android:parentActivityName
		ADDED from src\main\AndroidManifest.xml:176:13-54
	android:name
		ADDED from src\main\AndroidManifest.xml:175:13-38
activity#app.jjto.Cuadrado
ADDED from src\main\AndroidManifest.xml:183:9-191:20
	android:parentActivityName
		ADDED from src\main\AndroidManifest.xml:185:13-54
	android:name
		ADDED from src\main\AndroidManifest.xml:184:13-37
activity#app.jjto.Rectangulo
ADDED from src\main\AndroidManifest.xml:192:9-200:20
	android:parentActivityName
		ADDED from src\main\AndroidManifest.xml:194:13-54
	android:name
		ADDED from src\main\AndroidManifest.xml:193:13-39
activity#app.jjto.Rombo
ADDED from src\main\AndroidManifest.xml:201:9-209:20
	android:parentActivityName
		ADDED from src\main\AndroidManifest.xml:203:13-54
	android:name
		ADDED from src\main\AndroidManifest.xml:202:13-34
activity#app.jjto.Trapecio
ADDED from src\main\AndroidManifest.xml:210:9-218:20
	android:parentActivityName
		ADDED from src\main\AndroidManifest.xml:212:13-54
	android:name
		ADDED from src\main\AndroidManifest.xml:211:13-37
activity#app.jjto.Poligonor
ADDED from src\main\AndroidManifest.xml:219:9-227:20
	android:parentActivityName
		ADDED from src\main\AndroidManifest.xml:221:13-54
	android:name
		ADDED from src\main\AndroidManifest.xml:220:13-38
activity#app.jjto.Circulo
ADDED from src\main\AndroidManifest.xml:228:9-236:20
	android:parentActivityName
		ADDED from src\main\AndroidManifest.xml:230:13-54
	android:name
		ADDED from src\main\AndroidManifest.xml:229:13-36
activity#app.jjto.ValorAbsoluto
ADDED from src\main\AndroidManifest.xml:237:9-245:20
	android:parentActivityName
		ADDED from src\main\AndroidManifest.xml:239:13-54
	android:name
		ADDED from src\main\AndroidManifest.xml:238:13-42
activity#app.jjto.Arcocoseno
ADDED from src\main\AndroidManifest.xml:246:9-254:20
	android:parentActivityName
		ADDED from src\main\AndroidManifest.xml:248:13-54
	android:name
		ADDED from src\main\AndroidManifest.xml:247:13-39
activity#app.jjto.Arcoseno
ADDED from src\main\AndroidManifest.xml:255:9-263:20
	android:parentActivityName
		ADDED from src\main\AndroidManifest.xml:257:13-54
	android:name
		ADDED from src\main\AndroidManifest.xml:256:13-37
activity#app.jjto.Arcotangente
ADDED from src\main\AndroidManifest.xml:264:9-272:20
	android:parentActivityName
		ADDED from src\main\AndroidManifest.xml:266:13-54
	android:name
		ADDED from src\main\AndroidManifest.xml:265:13-41
activity#app.jjto.Coseno
ADDED from src\main\AndroidManifest.xml:273:9-281:20
	android:parentActivityName
		ADDED from src\main\AndroidManifest.xml:275:13-54
	android:name
		ADDED from src\main\AndroidManifest.xml:274:13-35
activity#app.jjto.Seno
ADDED from src\main\AndroidManifest.xml:282:9-290:20
	android:parentActivityName
		ADDED from src\main\AndroidManifest.xml:284:13-54
	android:name
		ADDED from src\main\AndroidManifest.xml:283:13-33
activity#app.jjto.Conversiones
ADDED from src\main\AndroidManifest.xml:291:9-299:20
	android:parentActivityName
		ADDED from src\main\AndroidManifest.xml:293:13-54
	android:name
		ADDED from src\main\AndroidManifest.xml:292:13-41
activity#app.jjto.CrearFormulas
ADDED from src\main\AndroidManifest.xml:300:9-308:20
	android:parentActivityName
		ADDED from src\main\AndroidManifest.xml:302:13-55
	android:name
		ADDED from src\main\AndroidManifest.xml:301:13-42
activity#app.jjto.EditarFormulas
ADDED from src\main\AndroidManifest.xml:309:9-317:20
	android:parentActivityName
		ADDED from src\main\AndroidManifest.xml:311:13-55
	android:name
		ADDED from src\main\AndroidManifest.xml:310:13-43
activity#app.jjto.Ecuaciondelarecta
ADDED from src\main\AndroidManifest.xml:318:9-326:20
	android:parentActivityName
		ADDED from src\main\AndroidManifest.xml:320:13-54
	android:name
		ADDED from src\main\AndroidManifest.xml:319:13-46
activity#app.jjto.Ecuaciondelarecta2
ADDED from src\main\AndroidManifest.xml:327:9-335:20
	android:parentActivityName
		ADDED from src\main\AndroidManifest.xml:329:13-54
	android:name
		ADDED from src\main\AndroidManifest.xml:328:13-47
activity#app.jjto.Conversionpeso
ADDED from src\main\AndroidManifest.xml:336:9-344:20
	android:parentActivityName
		ADDED from src\main\AndroidManifest.xml:338:13-54
	android:name
		ADDED from src\main\AndroidManifest.xml:337:13-43
activity#app.jjto.Conversionlongitud
ADDED from src\main\AndroidManifest.xml:345:9-353:20
	android:parentActivityName
		ADDED from src\main\AndroidManifest.xml:347:13-54
	android:name
		ADDED from src\main\AndroidManifest.xml:346:13-47
activity#app.jjto.Conversionarea
ADDED from src\main\AndroidManifest.xml:354:9-362:20
	android:parentActivityName
		ADDED from src\main\AndroidManifest.xml:356:13-54
	android:name
		ADDED from src\main\AndroidManifest.xml:355:13-43
activity#app.jjto.Conversionvolumen
ADDED from src\main\AndroidManifest.xml:363:9-371:20
	android:parentActivityName
		ADDED from src\main\AndroidManifest.xml:365:13-54
	android:name
		ADDED from src\main\AndroidManifest.xml:364:13-46
activity#app.jjto.Calcularporcentaje
ADDED from src\main\AndroidManifest.xml:372:9-380:20
	android:parentActivityName
		ADDED from src\main\AndroidManifest.xml:374:13-54
	android:name
		ADDED from src\main\AndroidManifest.xml:373:13-47
activity#app.jjto.Logaritmos
ADDED from src\main\AndroidManifest.xml:381:9-389:20
	android:parentActivityName
		ADDED from src\main\AndroidManifest.xml:383:13-54
	android:name
		ADDED from src\main\AndroidManifest.xml:382:13-39
activity#app.jjto.Logaritmonumero
ADDED from src\main\AndroidManifest.xml:390:9-398:20
	android:parentActivityName
		ADDED from src\main\AndroidManifest.xml:392:13-54
	android:name
		ADDED from src\main\AndroidManifest.xml:391:13-44
activity#app.jjto.Logaritmonatural
ADDED from src\main\AndroidManifest.xml:399:9-407:20
	android:parentActivityName
		ADDED from src\main\AndroidManifest.xml:401:13-54
	android:name
		ADDED from src\main\AndroidManifest.xml:400:13-45
activity#app.jjto.Eliminarformulas
ADDED from src\main\AndroidManifest.xml:408:9-416:20
	android:parentActivityName
		ADDED from src\main\AndroidManifest.xml:410:13-55
	android:name
		ADDED from src\main\AndroidManifest.xml:409:13-45
activity#app.jjto.NumerosNaturales
ADDED from src\main\AndroidManifest.xml:417:9-425:20
	android:parentActivityName
		ADDED from src\main\AndroidManifest.xml:419:13-54
	android:name
		ADDED from src\main\AndroidManifest.xml:418:13-45
activity#app.jjto.MaximoComunDivisor
ADDED from src\main\AndroidManifest.xml:426:9-434:20
	android:parentActivityName
		ADDED from src\main\AndroidManifest.xml:428:13-54
	android:name
		ADDED from src\main\AndroidManifest.xml:427:13-47
activity#app.jjto.MinimoComunMultiplo
ADDED from src\main\AndroidManifest.xml:435:9-443:20
	android:parentActivityName
		ADDED from src\main\AndroidManifest.xml:437:13-54
	android:name
		ADDED from src\main\AndroidManifest.xml:436:13-48
activity#app.jjto.NumerosEnteros
ADDED from src\main\AndroidManifest.xml:444:9-452:20
	android:parentActivityName
		ADDED from src\main\AndroidManifest.xml:446:13-54
	android:name
		ADDED from src\main\AndroidManifest.xml:445:13-43
activity#app.jjto.Moda
ADDED from src\main\AndroidManifest.xml:453:9-461:20
	android:parentActivityName
		ADDED from src\main\AndroidManifest.xml:455:13-54
	android:name
		ADDED from src\main\AndroidManifest.xml:454:13-33
meta-data#com.google.android.gms.version
ADDED from src\main\AndroidManifest.xml:463:9-465:69
MERGED from [com.google.android.gms:play-services-basement:8.1.0] AndroidManifest.xml:21:9-23:69
MERGED from [com.google.android.gms:play-services-basement:8.1.0] AndroidManifest.xml:21:9-23:69
MERGED from [com.google.android.gms:play-services-basement:8.1.0] AndroidManifest.xml:21:9-23:69
MERGED from [com.google.android.gms:play-services-basement:8.1.0] AndroidManifest.xml:21:9-23:69
MERGED from [com.google.android.gms:play-services-basement:8.1.0] AndroidManifest.xml:21:9-23:69
	android:name
		ADDED from src\main\AndroidManifest.xml:464:13-58
	android:value
		ADDED from src\main\AndroidManifest.xml:465:13-66
activity#com.google.android.gms.ads.AdActivity
ADDED from src\main\AndroidManifest.xml:467:9-470:64
MERGED from [com.google.android.gms:play-services-ads:8.1.0] AndroidManifest.xml:26:9-29:64
MERGED from [com.google.android.gms:play-services-ads:8.1.0] AndroidManifest.xml:26:9-29:64
	android:configChanges
		ADDED from src\main\AndroidManifest.xml:469:13-122
	android:theme
		ADDED from src\main\AndroidManifest.xml:470:13-61
	android:name
		ADDED from src\main\AndroidManifest.xml:468:13-65
uses-sdk
INJECTED from src\main\AndroidManifest.xml reason: use-sdk injection requested
MERGED from [com.android.support:appcompat-v7:23.0.1] AndroidManifest.xml:20:5-43
MERGED from [com.android.support:support-v4:23.0.1] AndroidManifest.xml:20:5-43
MERGED from [com.google.android.gms:play-services-ads:8.1.0] AndroidManifest.xml:23:5-42
MERGED from [com.google.android.gms:play-services-basement:8.1.0] AndroidManifest.xml:18:5-42
MERGED from [com.android.support:support-v4:23.0.1] AndroidManifest.xml:20:5-43
MERGED from [com.google.android.gms:play-services-appindexing:8.1.0] AndroidManifest.xml:18:5-42
MERGED from [com.google.android.gms:play-services-basement:8.1.0] AndroidManifest.xml:18:5-42
MERGED from [com.android.support:support-v4:23.0.1] AndroidManifest.xml:20:5-43
MERGED from [com.google.android.gms:play-services-analytics:8.1.0] AndroidManifest.xml:18:5-42
MERGED from [com.google.android.gms:play-services-basement:8.1.0] AndroidManifest.xml:18:5-42
MERGED from [com.android.support:support-v4:23.0.1] AndroidManifest.xml:20:5-43
MERGED from [com.google.android.gms:play-services-ads:8.1.0] AndroidManifest.xml:23:5-42
MERGED from [com.google.android.gms:play-services-basement:8.1.0] AndroidManifest.xml:18:5-42
MERGED from [com.android.support:support-v4:23.0.1] AndroidManifest.xml:20:5-43
MERGED from [com.google.android.gms:play-services-appindexing:8.1.0] AndroidManifest.xml:18:5-42
MERGED from [com.google.android.gms:play-services-basement:8.1.0] AndroidManifest.xml:18:5-42
MERGED from [com.android.support:support-v4:23.0.1] AndroidManifest.xml:20:5-43
	android:targetSdkVersion
		INJECTED from src\main\AndroidManifest.xml
		INJECTED from src\main\AndroidManifest.xml
	android:minSdkVersion
		INJECTED from src\main\AndroidManifest.xml
		INJECTED from src\main\AndroidManifest.xml
activity#com.google.android.gms.ads.purchase.InAppPurchaseActivity
ADDED from [com.google.android.gms:play-services-ads:8.1.0] AndroidManifest.xml:30:9-31:52
MERGED from [com.google.android.gms:play-services-ads:8.1.0] AndroidManifest.xml:30:9-31:52
	android:theme
		ADDED from [com.google.android.gms:play-services-ads:8.1.0] AndroidManifest.xml:31:13-50
	android:name
		ADDED from [com.google.android.gms:play-services-ads:8.1.0] AndroidManifest.xml:30:19-91